#
# There is insufficient memory for the Java Runtime Environment to continue.
# Native memory allocation (malloc) failed to allocate 1374496 bytes for Chunk::new
# Possible reasons:
#   The system is out of physical RAM or swap space
#   The process is running with CompressedOops enabled, and the Java Heap may be blocking the growth of the native heap
# Possible solutions:
#   Reduce memory load on the system
#   Increase physical memory or swap space
#   Check if swap backing store is full
#   Decrease Java heap size (-Xmx/-Xms)
#   Decrease number of Java threads
#   Decrease Java thread stack sizes (-Xss)
#   Set larger code cache with -XX:ReservedCodeCacheSize=
#   JVM is running with Unscaled Compressed Oops mode in which the Java heap is
#     placed in the first 4GB address space. The Java Heap base address is the
#     maximum limit for the native heap growth. Please use -XX:HeapBaseMinAddress
#     to set the Java Heap base and to place the Java Heap above 4GB virtual address.
# This output file may be truncated or incomplete.
#
#  Out of Memory Error (allocation.cpp:389), pid=11880, tid=0x0000000000000a10
#
# JRE version: OpenJDK Runtime Environment (8.0_242-b01) (build 1.8.0_242-release-1644-b01)
# Java VM: OpenJDK 64-Bit Server VM (25.242-b01 mixed mode windows-amd64 compressed oops)
# Failed to write core dump. Minidumps are not enabled by default on client versions of Windows
#

---------------  T H R E A D  ---------------

Current thread (0x0000000017026000):  JavaThread "C2 CompilerThread0" daemon [_thread_in_native, id=2576, stack(0x0000000018670000,0x0000000018770000)]

Stack: [0x0000000018670000,0x0000000018770000]
[error occurred during error reporting (printing stack bounds), id 0xc0000005]

Native frames: (J=compiled Java code, j=interpreted, Vv=VM code, C=native code)


Current CompileTask:
C2:  13909 1577   !   4       java.net.URLClassLoader$1::run (63 bytes)


---------------  P R O C E S S  ---------------

Java Threads: ( => current thread )
  0x0000000019b81000 JavaThread "Cache worker for file hash cache (C:\Users\Admin\.gradle\caches\6.1.1\fileHashes)" [_thread_blocked, id=12108, stack(0x000000001cd90000,0x000000001ce90000)]
  0x0000000019b82000 JavaThread "File lock request listener" [_thread_in_native, id=13832, stack(0x000000001cc90000,0x000000001cd90000)]
  0x0000000019bdd800 JavaThread "Cache worker for journal cache (C:\Users\Admin\.gradle\caches\journal-1)" [_thread_blocked, id=1700, stack(0x000000001cb90000,0x000000001cc90000)]
  0x00000000195b9800 JavaThread "Thread-9" [_thread_blocked, id=14120, stack(0x000000001c890000,0x000000001c990000)]
  0x0000000019765800 JavaThread "Stdin handler" [_thread_blocked, id=13372, stack(0x000000001c790000,0x000000001c890000)]
  0x0000000019727800 JavaThread "Asynchronous log dispatcher for DefaultDaemonConnection: socket connection from /127.0.0.1:57167 to /127.0.0.1:57168" [_thread_blocked, id=10164, stack(0x000000001c690000,0x000000001c790000)]
  0x0000000019764800 JavaThread "Daemon worker" [_thread_in_vm, id=1304, stack(0x000000001c590000,0x000000001c690000)]
  0x0000000019764000 JavaThread "Cancel handler" [_thread_blocked, id=10004, stack(0x000000001c490000,0x000000001c590000)]
  0x000000001961b000 JavaThread "Handler for socket connection from /127.0.0.1:57167 to /127.0.0.1:57168" [_thread_in_native, id=13288, stack(0x000000001c190000,0x000000001c290000)]
  0x0000000019618000 JavaThread "Daemon" [_thread_blocked, id=2388, stack(0x000000001c090000,0x000000001c190000)]
  0x0000000018ba9000 JavaThread "Daemon periodic checks" [_thread_blocked, id=12144, stack(0x000000001bf90000,0x000000001c090000)]
  0x000000001966e800 JavaThread "Incoming local TCP Connector on port 57167" [_thread_in_native, id=11440, stack(0x000000001bd50000,0x000000001be50000)]
  0x0000000019061800 JavaThread "Daemon health stats" [_thread_blocked, id=5520, stack(0x000000001b710000,0x000000001b810000)]
  0x000000001707b800 JavaThread "Service Thread" daemon [_thread_blocked, id=2940, stack(0x0000000018d70000,0x0000000018e70000)]
  0x0000000018878800 JavaThread "C1 CompilerThread2" daemon [_thread_blocked, id=6664, stack(0x0000000018c70000,0x0000000018d70000)]
  0x0000000017074800 JavaThread "C2 CompilerThread1" daemon [_thread_in_native, id=1208, stack(0x0000000018770000,0x0000000018870000)]
=>0x0000000017026000 JavaThread "C2 CompilerThread0" daemon [_thread_in_native, id=2576, stack(0x0000000018670000,0x0000000018770000)]
  0x0000000017024800 JavaThread "Attach Listener" daemon [_thread_blocked, id=9424, stack(0x0000000018570000,0x0000000018670000)]
  0x0000000017021000 JavaThread "Signal Dispatcher" daemon [_thread_blocked, id=10672, stack(0x0000000018470000,0x0000000018570000)]
  0x00000000023fb000 JavaThread "Finalizer" daemon [_thread_blocked, id=11284, stack(0x0000000018270000,0x0000000018370000)]
  0x0000000017009000 JavaThread "Reference Handler" daemon [_thread_blocked, id=12780, stack(0x0000000018170000,0x0000000018270000)]
  0x00000000020ee800 JavaThread "main" [_thread_blocked, id=11712, stack(0x0000000002200000,0x0000000002300000)]

Other Threads:
  0x0000000016fe7000 VMThread [stack: 0x0000000018070000,0x0000000018170000] [id=6616]
  0x000000001707d000 WatcherThread [stack: 0x0000000018e70000,0x0000000018f70000] [id=7656]

VM state:not at safepoint (normal execution)

VM Mutex/Monitor currently owned by a thread: None

heap address: 0x0000000080000000, size: 2048 MB, Compressed Oops mode: 32-bit
Narrow klass base: 0x0000000000000000, Narrow klass shift: 3
Compressed class space size: 1073741824 Address: 0x0000000100000000

Heap:
 PSYoungGen      total 37376K, used 21495K [0x00000000d5580000, 0x00000000d9f80000, 0x0000000100000000)
  eden space 31744K, 50% used [0x00000000d5580000,0x00000000d6537b88,0x00000000d7480000)
  from space 5632K, 95% used [0x00000000d7480000,0x00000000d79c6148,0x00000000d7a00000)
  to   space 6144K, 0% used [0x00000000d9980000,0x00000000d9980000,0x00000000d9f80000)
 ParOldGen       total 44032K, used 4618K [0x0000000080000000, 0x0000000082b00000, 0x00000000d5580000)
  object space 44032K, 10% used [0x0000000080000000,0x0000000080482930,0x0000000082b00000)
 Metaspace       used 16083K, capacity 16530K, committed 16768K, reserved 1062912K
  class space    used 2180K, capacity 2349K, committed 2432K, reserved 1048576K

Card table byte_map: [0x00000000117c0000,0x0000000011bd0000] byte_map_base: 0x00000000113c0000

Marking Bits: (ParMarkBitMap*) 0x000000007320f030
 Begin Bits: [0x0000000012280000, 0x0000000014280000)
 End Bits:   [0x0000000014280000, 0x0000000016280000)

Polling page: 0x00000000009f0000

CodeCache: size=245760Kb used=5561Kb max_used=5561Kb free=240199Kb
 bounds [0x0000000002400000, 0x0000000002980000, 0x0000000011400000]
 total_blobs=1970 nmethods=1576 adapters=307
 compilation: enabled

Compilation events (10 events):
Event: 13.646 Thread 0x0000000018878800 1583       3       org.gradle.internal.service.DefaultServiceRegistry::assertValidServiceType (51 bytes)
Event: 13.647 Thread 0x0000000018878800 nmethod 1583 0x0000000002966750 code [0x0000000002966920, 0x0000000002967028]
Event: 13.647 Thread 0x0000000018878800 1584       1       java.util.Collections$EmptyList::isEmpty (2 bytes)
Event: 13.647 Thread 0x0000000018878800 nmethod 1584 0x0000000002966490 code [0x00000000029665e0, 0x00000000029666f0]
Event: 13.649 Thread 0x0000000018878800 1585       3       org.gradle.internal.service.DefaultServiceRegistry::find (142 bytes)
Event: 13.651 Thread 0x0000000018878800 nmethod 1585 0x000000000296d210 code [0x000000000296d560, 0x000000000296f0d8]
Event: 13.676 Thread 0x0000000018878800 1586       3       org.gradle.internal.service.DefaultServiceRegistry$SingletonService::getService (18 bytes)
Event: 13.677 Thread 0x0000000018878800 nmethod 1586 0x0000000002965c10 code [0x0000000002965da0, 0x0000000002966018]
Event: 13.874 Thread 0x0000000018878800 1587       3       java.lang.Throwable::<init> (39 bytes)
Event: 13.874 Thread 0x0000000018878800 nmethod 1587 0x000000000296fdd0 code [0x000000000296ff40, 0x0000000002970248]

GC Heap History (10 events):
Event: 3.640 GC heap before
{Heap before GC invocations=3 (full 0):
 PSYoungGen      total 18944K, used 18918K [0x00000000d5580000, 0x00000000d6a80000, 0x0000000100000000)
  eden space 16384K, 100% used [0x00000000d5580000,0x00000000d6580000,0x00000000d6580000)
  from space 2560K, 98% used [0x00000000d6800000,0x00000000d6a79938,0x00000000d6a80000)
  to   space 2560K, 0% used [0x00000000d6580000,0x00000000d6580000,0x00000000d6800000)
 ParOldGen       total 44032K, used 861K [0x0000000080000000, 0x0000000082b00000, 0x00000000d5580000)
  object space 44032K, 1% used [0x0000000080000000,0x00000000800d7600,0x0000000082b00000)
 Metaspace       used 7234K, capacity 7440K, committed 7680K, reserved 1056768K
  class space    used 883K, capacity 968K, committed 1024K, reserved 1048576K
Event: 3.645 GC heap after
Heap after GC invocations=3 (full 0):
 PSYoungGen      total 18944K, used 2192K [0x00000000d5580000, 0x00000000d6a80000, 0x0000000100000000)
  eden space 16384K, 0% used [0x00000000d5580000,0x00000000d5580000,0x00000000d6580000)
  from space 2560K, 85% used [0x00000000d6580000,0x00000000d67a4010,0x00000000d6800000)
  to   space 2560K, 0% used [0x00000000d6800000,0x00000000d6800000,0x00000000d6a80000)
 ParOldGen       total 44032K, used 869K [0x0000000080000000, 0x0000000082b00000, 0x00000000d5580000)
  object space 44032K, 1% used [0x0000000080000000,0x00000000800d9600,0x0000000082b00000)
 Metaspace       used 7234K, capacity 7440K, committed 7680K, reserved 1056768K
  class space    used 883K, capacity 968K, committed 1024K, reserved 1048576K
}
Event: 4.053 GC heap before
{Heap before GC invocations=4 (full 0):
 PSYoungGen      total 18944K, used 18576K [0x00000000d5580000, 0x00000000d6a80000, 0x0000000100000000)
  eden space 16384K, 100% used [0x00000000d5580000,0x00000000d6580000,0x00000000d6580000)
  from space 2560K, 85% used [0x00000000d6580000,0x00000000d67a4010,0x00000000d6800000)
  to   space 2560K, 0% used [0x00000000d6800000,0x00000000d6800000,0x00000000d6a80000)
 ParOldGen       total 44032K, used 869K [0x0000000080000000, 0x0000000082b00000, 0x00000000d5580000)
  object space 44032K, 1% used [0x0000000080000000,0x00000000800d9600,0x0000000082b00000)
 Metaspace       used 7442K, capacity 7688K, committed 7936K, reserved 1056768K
  class space    used 911K, capacity 1008K, committed 1024K, reserved 1048576K
Event: 4.061 GC heap after
Heap after GC invocations=4 (full 0):
 PSYoungGen      total 18944K, used 2544K [0x00000000d5580000, 0x00000000d6a80000, 0x0000000100000000)
  eden space 16384K, 0% used [0x00000000d5580000,0x00000000d5580000,0x00000000d6580000)
  from space 2560K, 99% used [0x00000000d6800000,0x00000000d6a7c010,0x00000000d6a80000)
  to   space 2560K, 0% used [0x00000000d6580000,0x00000000d6580000,0x00000000d6800000)
 ParOldGen       total 44032K, used 1474K [0x0000000080000000, 0x0000000082b00000, 0x00000000d5580000)
  object space 44032K, 3% used [0x0000000080000000,0x0000000080170ae0,0x0000000082b00000)
 Metaspace       used 7442K, capacity 7688K, committed 7936K, reserved 1056768K
  class space    used 911K, capacity 1008K, committed 1024K, reserved 1048576K
}
Event: 4.610 GC heap before
{Heap before GC invocations=5 (full 0):
 PSYoungGen      total 18944K, used 18928K [0x00000000d5580000, 0x00000000d6a80000, 0x0000000100000000)
  eden space 16384K, 100% used [0x00000000d5580000,0x00000000d6580000,0x00000000d6580000)
  from space 2560K, 99% used [0x00000000d6800000,0x00000000d6a7c010,0x00000000d6a80000)
  to   space 2560K, 0% used [0x00000000d6580000,0x00000000d6580000,0x00000000d6800000)
 ParOldGen       total 44032K, used 1474K [0x0000000080000000, 0x0000000082b00000, 0x00000000d5580000)
  object space 44032K, 3% used [0x0000000080000000,0x0000000080170ae0,0x0000000082b00000)
 Metaspace       used 8873K, capacity 9064K, committed 9216K, reserved 1056768K
  class space    used 1133K, capacity 1232K, committed 1280K, reserved 1048576K
Event: 4.628 GC heap after
Heap after GC invocations=5 (full 0):
 PSYoungGen      total 18944K, used 2560K [0x00000000d5580000, 0x00000000d7e80000, 0x0000000100000000)
  eden space 16384K, 0% used [0x00000000d5580000,0x00000000d5580000,0x00000000d6580000)
  from space 2560K, 100% used [0x00000000d6580000,0x00000000d6800000,0x00000000d6800000)
  to   space 4608K, 0% used [0x00000000d7a00000,0x00000000d7a00000,0x00000000d7e80000)
 ParOldGen       total 44032K, used 2897K [0x0000000080000000, 0x0000000082b00000, 0x00000000d5580000)
  object space 44032K, 6% used [0x0000000080000000,0x00000000802d4428,0x0000000082b00000)
 Metaspace       used 8873K, capacity 9064K, committed 9216K, reserved 1056768K
  class space    used 1133K, capacity 1232K, committed 1280K, reserved 1048576K
}
Event: 11.431 GC heap before
{Heap before GC invocations=6 (full 0):
 PSYoungGen      total 18944K, used 18944K [0x00000000d5580000, 0x00000000d7e80000, 0x0000000100000000)
  eden space 16384K, 100% used [0x00000000d5580000,0x00000000d6580000,0x00000000d6580000)
  from space 2560K, 100% used [0x00000000d6580000,0x00000000d6800000,0x00000000d6800000)
  to   space 4608K, 0% used [0x00000000d7a00000,0x00000000d7a00000,0x00000000d7e80000)
 ParOldGen       total 44032K, used 2897K [0x0000000080000000, 0x0000000082b00000, 0x00000000d5580000)
  object space 44032K, 6% used [0x0000000080000000,0x00000000802d4428,0x0000000082b00000)
 Metaspace       used 12277K, capacity 12610K, committed 12800K, reserved 1060864K
  class space    used 1640K, capacity 1773K, committed 1792K, reserved 1048576K
Event: 11.475 GC heap after
Heap after GC invocations=6 (full 0):
 PSYoungGen      total 36352K, used 4592K [0x00000000d5580000, 0x00000000d8080000, 0x0000000100000000)
  eden space 31744K, 0% used [0x00000000d5580000,0x00000000d5580000,0x00000000d7480000)
  from space 4608K, 99% used [0x00000000d7a00000,0x00000000d7e7c010,0x00000000d7e80000)
  to   space 5632K, 0% used [0x00000000d7480000,0x00000000d7480000,0x00000000d7a00000)
 ParOldGen       total 44032K, used 3202K [0x0000000080000000, 0x0000000082b00000, 0x00000000d5580000)
  object space 44032K, 7% used [0x0000000080000000,0x00000000803208c0,0x0000000082b00000)
 Metaspace       used 12277K, capacity 12610K, committed 12800K, reserved 1060864K
  class space    used 1640K, capacity 1773K, committed 1792K, reserved 1048576K
}
Event: 13.175 GC heap before
{Heap before GC invocations=7 (full 0):
 PSYoungGen      total 36352K, used 36336K [0x00000000d5580000, 0x00000000d8080000, 0x0000000100000000)
  eden space 31744K, 100% used [0x00000000d5580000,0x00000000d7480000,0x00000000d7480000)
  from space 4608K, 99% used [0x00000000d7a00000,0x00000000d7e7c010,0x00000000d7e80000)
  to   space 5632K, 0% used [0x00000000d7480000,0x00000000d7480000,0x00000000d7a00000)
 ParOldGen       total 44032K, used 3202K [0x0000000080000000, 0x0000000082b00000, 0x00000000d5580000)
  object space 44032K, 7% used [0x0000000080000000,0x00000000803208c0,0x0000000082b00000)
 Metaspace       used 15373K, capacity 15820K, committed 16128K, reserved 1062912K
  class space    used 2049K, capacity 2218K, committed 2304K, reserved 1048576K
Event: 13.195 GC heap after
Heap after GC invocations=7 (full 0):
 PSYoungGen      total 37376K, used 5400K [0x00000000d5580000, 0x00000000d9f80000, 0x0000000100000000)
  eden space 31744K, 0% used [0x00000000d5580000,0x00000000d5580000,0x00000000d7480000)
  from space 5632K, 95% used [0x00000000d7480000,0x00000000d79c6148,0x00000000d7a00000)
  to   space 6144K, 0% used [0x00000000d9980000,0x00000000d9980000,0x00000000d9f80000)
 ParOldGen       total 44032K, used 4618K [0x0000000080000000, 0x0000000082b00000, 0x00000000d5580000)
  object space 44032K, 10% used [0x0000000080000000,0x0000000080482930,0x0000000082b00000)
 Metaspace       used 15373K, capacity 15820K, committed 16128K, reserved 1062912K
  class space    used 2049K, capacity 2218K, committed 2304K, reserved 1048576K
}

Deoptimization events (10 events):
Event: 10.898 Thread 0x000000001961b000 Uncommon trap: reason=unstable_if action=reinterpret pc=0x0000000002740f54 method=java.lang.String.substring(I)Ljava/lang/String; @ 35
Event: 11.109 Thread 0x0000000019764800 Uncommon trap: reason=bimorphic action=maybe_recompile pc=0x00000000026e0804 method=java.util.HashMap.putVal(ILjava/lang/Object;Ljava/lang/Object;ZZ)Ljava/lang/Object; @ 253
Event: 11.109 Thread 0x0000000019764800 Uncommon trap: reason=bimorphic action=maybe_recompile pc=0x00000000026e0804 method=java.util.HashMap.putVal(ILjava/lang/Object;Ljava/lang/Object;ZZ)Ljava/lang/Object; @ 253
Event: 11.110 Thread 0x0000000019764800 Uncommon trap: reason=bimorphic action=maybe_recompile pc=0x00000000026e0804 method=java.util.HashMap.putVal(ILjava/lang/Object;Ljava/lang/Object;ZZ)Ljava/lang/Object; @ 253
Event: 11.110 Thread 0x0000000019764800 Uncommon trap: reason=bimorphic action=maybe_recompile pc=0x00000000026e0804 method=java.util.HashMap.putVal(ILjava/lang/Object;Ljava/lang/Object;ZZ)Ljava/lang/Object; @ 253
Event: 12.446 Thread 0x0000000019764800 Uncommon trap: reason=class_check action=maybe_recompile pc=0x00000000027464d8 method=java.util.regex.Matcher.match(II)Z @ 86
Event: 12.509 Thread 0x0000000019764800 Uncommon trap: reason=class_check action=maybe_recompile pc=0x00000000027464d8 method=java.util.regex.Matcher.match(II)Z @ 86
Event: 12.510 Thread 0x0000000019764800 Uncommon trap: reason=class_check action=maybe_recompile pc=0x00000000027464d8 method=java.util.regex.Matcher.match(II)Z @ 86
Event: 12.513 Thread 0x0000000019764800 Uncommon trap: reason=class_check action=maybe_recompile pc=0x00000000027126dc method=java.util.regex.Matcher.match(II)Z @ 86
Event: 13.772 Thread 0x0000000019764800 Uncommon trap: reason=unstable_if action=reinterpret pc=0x0000000002744e9c method=java.io.File.getName()Ljava/lang/String; @ 16

Classes redefined (0 events):
No events

Internal exceptions (10 events):
Event: 10.797 Thread 0x000000001961b000 Exception <a 'java/lang/NoSuchMethodError': <clinit>> (0x00000000d614d608) thrown at [C:\src\AOSP-openjdk-git\hotspot\src\share\vm\prims\jni.cpp, line 1615]
Event: 10.808 Thread 0x000000001961b000 Exception <a 'java/lang/NoSuchMethodError': <clinit>> (0x00000000d6162b70) thrown at [C:\src\AOSP-openjdk-git\hotspot\src\share\vm\prims\jni.cpp, line 1615]
Event: 10.849 Thread 0x000000001961b000 Exception <a 'java/lang/NoSuchMethodError': <clinit>> (0x00000000d6175518) thrown at [C:\src\AOSP-openjdk-git\hotspot\src\share\vm\prims\jni.cpp, line 1615]
Event: 10.863 Thread 0x000000001961b000 Exception <a 'java/lang/NoSuchMethodError': <clinit>> (0x00000000d619c248) thrown at [C:\src\AOSP-openjdk-git\hotspot\src\share\vm\prims\jni.cpp, line 1615]
Event: 10.867 Thread 0x000000001961b000 Exception <a 'java/lang/NoSuchMethodError': <clinit>> (0x00000000d61b3e60) thrown at [C:\src\AOSP-openjdk-git\hotspot\src\share\vm\prims\jni.cpp, line 1615]
Event: 10.872 Thread 0x000000001961b000 Exception <a 'java/lang/NoSuchMethodError': <clinit>> (0x00000000d61bca00) thrown at [C:\src\AOSP-openjdk-git\hotspot\src\share\vm\prims\jni.cpp, line 1615]
Event: 10.875 Thread 0x000000001961b000 Exception <a 'java/lang/NoSuchMethodError': <clinit>> (0x00000000d61d2e20) thrown at [C:\src\AOSP-openjdk-git\hotspot\src\share\vm\prims\jni.cpp, line 1615]
Event: 10.923 Thread 0x000000001961b000 Exception <a 'java/lang/NoSuchMethodError': <clinit>> (0x00000000d6239520) thrown at [C:\src\AOSP-openjdk-git\hotspot\src\share\vm\prims\jni.cpp, line 1615]
Event: 10.954 Thread 0x000000001961b000 Exception <a 'java/lang/NoSuchMethodError': <clinit>> (0x00000000d6265ed8) thrown at [C:\src\AOSP-openjdk-git\hotspot\src\share\vm\prims\jni.cpp, line 1615]
Event: 10.971 Thread 0x000000001961b000 Exception <a 'java/lang/NoSuchMethodError': <clinit>> (0x00000000d6282a18) thrown at [C:\src\AOSP-openjdk-git\hotspot\src\share\vm\prims\jni.cpp, line 1615]

Events (10 events):
Event: 13.895 loading class com/google/common/io/CharSource$CharSequenceCharSource
Event: 13.895 loading class com/google/common/io/CharSource$CharSequenceCharSource done
Event: 13.895 loading class com/google/common/io/CharSource$StringCharSource
Event: 13.895 loading class com/google/common/io/CharSource$StringCharSource done
Event: 13.896 loading class com/google/common/io/CharSource$EmptyCharSource
Event: 13.896 loading class com/google/common/io/CharSource$EmptyCharSource done
Event: 13.897 loading class com/google/common/io/CharSource$AsByteSource
Event: 13.897 loading class com/google/common/io/CharSource$AsByteSource done
Event: 13.899 loading class org/apache/commons/io/FileUtils
Event: 13.899 loading class org/apache/commons/io/FileUtils done


Dynamic libraries:
0x00007ff6e3e80000 - 0x00007ff6e3eb1000 	C:\Program Files\Android\Android Studio\jre\bin\java.exe
0x00007ffa4a860000 - 0x00007ffa4aa50000 	C:\Windows\SYSTEM32\ntdll.dll
0x00007ffa49ac0000 - 0x00007ffa49b72000 	C:\Windows\System32\KERNEL32.DLL
0x00007ffa479e0000 - 0x00007ffa47c85000 	C:\Windows\System32\KERNELBASE.dll
0x00007ffa494b0000 - 0x00007ffa49553000 	C:\Windows\System32\ADVAPI32.dll
0x00007ffa49410000 - 0x00007ffa494ae000 	C:\Windows\System32\msvcrt.dll
0x00007ffa49b80000 - 0x00007ffa49c17000 	C:\Windows\System32\sechost.dll
0x00007ffa48920000 - 0x00007ffa48a3f000 	C:\Windows\System32\RPCRT4.dll
0x00007ffa4a030000 - 0x00007ffa4a1c4000 	C:\Windows\System32\USER32.dll
0x00007ffa47d90000 - 0x00007ffa47db1000 	C:\Windows\System32\win32u.dll
0x00007ffa4a310000 - 0x00007ffa4a336000 	C:\Windows\System32\GDI32.dll
0x00007ffa48770000 - 0x00007ffa48908000 	C:\Windows\System32\gdi32full.dll
0x00007ffa486d0000 - 0x00007ffa4876e000 	C:\Windows\System32\msvcp_win.dll
0x00007ffa47c90000 - 0x00007ffa47d8a000 	C:\Windows\System32\ucrtbase.dll
0x00007ffa39ac0000 - 0x00007ffa39d44000 	C:\Windows\WinSxS\amd64_microsoft.windows.common-controls_6595b64144ccf1df_6.0.18362.1500_none_9e79be6de462295c\COMCTL32.dll
0x00007ffa495c0000 - 0x00007ffa498f6000 	C:\Windows\System32\combase.dll
0x00007ffa485b0000 - 0x00007ffa48631000 	C:\Windows\System32\bcryptPrimitives.dll
0x00007ffa491b0000 - 0x00007ffa491de000 	C:\Windows\System32\IMM32.DLL
0x0000000072880000 - 0x0000000072952000 	C:\Program Files\Android\Android Studio\jre\jre\bin\msvcr100.dll
0x0000000072a40000 - 0x000000007328b000 	C:\Program Files\Android\Android Studio\jre\jre\bin\server\jvm.dll
0x00007ffa491e0000 - 0x00007ffa491e8000 	C:\Windows\System32\PSAPI.DLL
0x00007ffa442a0000 - 0x00007ffa442a9000 	C:\Windows\SYSTEM32\WSOCK32.dll
0x00007ffa49f00000 - 0x00007ffa49f6f000 	C:\Windows\System32\WS2_32.dll
0x00007ffa44210000 - 0x00007ffa44234000 	C:\Windows\SYSTEM32\WINMM.dll
0x00007ffa37a10000 - 0x00007ffa37a1a000 	C:\Windows\SYSTEM32\VERSION.dll
0x00007ffa441e0000 - 0x00007ffa4420d000 	C:\Windows\SYSTEM32\WINMMBASE.dll
0x00007ffa47dc0000 - 0x00007ffa47e0a000 	C:\Windows\System32\cfgmgr32.dll
0x00007ffa3dc60000 - 0x00007ffa3dc6f000 	C:\Program Files\Android\Android Studio\jre\jre\bin\verify.dll
0x00007ffa2cda0000 - 0x00007ffa2cdc9000 	C:\Program Files\Android\Android Studio\jre\jre\bin\java.dll
0x00007ffa18820000 - 0x00007ffa18836000 	C:\Program Files\Android\Android Studio\jre\jre\bin\zip.dll
0x00007ffa48a40000 - 0x00007ffa49128000 	C:\Windows\System32\SHELL32.dll
0x00007ffa49c20000 - 0x00007ffa49cc7000 	C:\Windows\System32\shcore.dll
0x00007ffa47e10000 - 0x00007ffa4858b000 	C:\Windows\System32\windows.storage.dll
0x00007ffa477b0000 - 0x00007ffa477ce000 	C:\Windows\System32\profapi.dll
0x00007ffa47740000 - 0x00007ffa4778a000 	C:\Windows\System32\powrprof.dll
0x00007ffa47710000 - 0x00007ffa47720000 	C:\Windows\System32\UMPDC.dll
0x00007ffa49560000 - 0x00007ffa495b2000 	C:\Windows\System32\shlwapi.dll
0x00007ffa47790000 - 0x00007ffa477a1000 	C:\Windows\System32\kernel.appcore.dll
0x00007ffa48590000 - 0x00007ffa485a7000 	C:\Windows\System32\cryptsp.dll
0x00007ffa16b40000 - 0x00007ffa16b5a000 	C:\Program Files\Android\Android Studio\jre\jre\bin\net.dll
0x00007ffa46f50000 - 0x00007ffa46fb7000 	C:\Windows\system32\mswsock.dll
0x00007ffa16b20000 - 0x00007ffa16b33000 	C:\Program Files\Android\Android Studio\jre\jre\bin\nio.dll
0x00007ff9f50d0000 - 0x00007ff9f50f6000 	C:\Users\Admin\.gradle\native\31\windows-amd64\native-platform.dll
0x00007ffa362a0000 - 0x00007ffa362ad000 	C:\Program Files\Android\Android Studio\jre\jre\bin\management.dll
0x00007ffa46ad0000 - 0x00007ffa46b03000 	C:\Windows\system32\rsaenh.dll
0x00007ffa48640000 - 0x00007ffa48666000 	C:\Windows\System32\bcrypt.dll
0x00007ffa47630000 - 0x00007ffa47655000 	C:\Windows\SYSTEM32\USERENV.dll
0x00007ffa47120000 - 0x00007ffa4712c000 	C:\Windows\SYSTEM32\CRYPTBASE.dll
0x00007ffa46c60000 - 0x00007ffa46c9a000 	C:\Windows\SYSTEM32\IPHLPAPI.DLL
0x00007ffa48910000 - 0x00007ffa48918000 	C:\Windows\System32\NSI.dll
0x00007ffa41cb0000 - 0x00007ffa41cc6000 	C:\Windows\SYSTEM32\dhcpcsvc6.DLL
0x00007ffa41c40000 - 0x00007ffa41c5c000 	C:\Windows\SYSTEM32\dhcpcsvc.DLL
0x00007ffa46ca0000 - 0x00007ffa46d6b000 	C:\Windows\SYSTEM32\DNSAPI.dll

VM Arguments:
jvm_args: -Xmx2048m -Dfile.encoding=windows-1252 -Duser.country=US -Duser.language=en -Duser.variant 
java_command: org.gradle.launcher.daemon.bootstrap.GradleDaemon 6.1.1
java_class_path (initial): C:\Users\Admin\.gradle\wrapper\dists\gradle-6.1.1-all\cfmwm155h49vnt3hynmlrsdst\gradle-6.1.1\lib\gradle-launcher-6.1.1.jar
Launcher Type: SUN_STANDARD

Environment Variables:
JAVA_HOME=C:\Program Files (x86)\Java\jdk1.8.0_111
PATH=C:\Program Files (x86)\Java\jdk1.8.0_111\bin;C:\wamp64\bin\php\php7.2.33;C:\xamppnew\php;C:\ProgramData\ComposerSetup\bin;C:\Program Files\Git\cmd;C:\Users\Admin\AppData\Local\Android\Sdk\build-tools\30.0.0;C:\Users\Admin\AppData\Local\Microsoft\WindowsApps;C:\Users\Admin\AppData\Roaming\Dashlane\4.6.6.23032\bin\Firefox_Extension\{442718d9-475e-452a-b3e1-fb1ee16b8e9f}\components;C:\Users\Admin\AppData\Local\Programs\Microsoft VS Code\bin;C:\Users\Admin\AppData\Roaming\Composer\vendor\bin;C:\Users\Admin\AppData\Local\atom\bin;C:\Users\Admin\AppData\Roaming\npm
USERNAME=Admin
OS=Windows_NT
PROCESSOR_IDENTIFIER=Intel64 Family 6 Model 69 Stepping 1, GenuineIntel



---------------  S Y S T E M  ---------------

OS: Windows 10.0 , 64 bit Build 18362 (10.0.18362.1500)

CPU:total 4 (initial active 4) (2 cores per cpu, 2 threads per core) family 6 model 69 stepping 1, cmov, cx8, fxsr, mmx, sse, sse2, sse3, ssse3, sse4.1, sse4.2, popcnt, avx, avx2, aes, clmul, erms, lzcnt, ht, tsc, tscinvbit, bmi1, bmi2

Memory: 4k page, physical 4088172k(199600k free), swap 6995192k(5588k free)

vm_info: OpenJDK 64-Bit Server VM (25.242-b01) for windows-amd64 JRE (1.8.0_242-release-1644-b01), built by "builder" with MS VC++ 10.0 (VS2010)

time: Tue Aug 24 06:34:09 2021
timezone: E. Africa Standard Time
elapsed time: 13 seconds (0d 0h 0m 13s)

